<?xml version="1.0" encoding="UTF-8"?>
<testng-results ignored="0" total="2" passed="2" failed="0" skipped="0">
  <reporter-output>
  </reporter-output>
  <suite started-at="2022-04-10T23:00:26 CDT" name="Suite" finished-at="2022-04-10T23:00:26 CDT" duration-ms="54">
    <groups>
    </groups>
    <test started-at="2022-04-10T23:00:26 CDT" name="Test" finished-at="2022-04-10T23:00:26 CDT" duration-ms="54">
      <class name="com.qa.tests.LoginTest">
        <test-method signature="test1()[pri:0, instance:com.qa.tests.LoginTest@56a6d5a6]" started-at="2022-04-10T23:00:26 CDT" name="test1" finished-at="2022-04-10T23:00:26 CDT" duration-ms="5" status="PASS">
          <reporter-output>
          </reporter-output>
        </test-method> <!-- test1 -->
        <test-method signature="test2()[pri:0, instance:com.qa.tests.LoginTest@56a6d5a6]" started-at="2022-04-10T23:00:26 CDT" name="test2" finished-at="2022-04-10T23:00:26 CDT" duration-ms="1" status="PASS">
          <reporter-output>
          </reporter-output>
        </test-method> <!-- test2 -->
      </class> <!-- com.qa.tests.LoginTest -->
    </test> <!-- Test -->
  </suite> <!-- Suite -->
</testng-results>
