<?xml version="1.0" encoding="UTF-8"?>
<testng-results ignored="0" total="1" passed="1" failed="0" skipped="0">
  <reporter-output>
  </reporter-output>
  <suite started-at="2022-04-10T15:00:37 CDT" name="Default suite" finished-at="2022-04-10T15:00:37 CDT" duration-ms="62">
    <groups>
    </groups>
    <test started-at="2022-04-10T15:00:37 CDT" name="Default test" finished-at="2022-04-10T15:00:37 CDT" duration-ms="62">
      <class name="com.qa.tests.LoginTest">
        <test-method signature="test1()[pri:0, instance:com.qa.tests.LoginTest@402bba4f]" started-at="2022-04-10T15:00:37 CDT" name="test1" finished-at="2022-04-10T15:00:37 CDT" duration-ms="12" status="PASS">
          <reporter-output>
          </reporter-output>
        </test-method> <!-- test1 -->
      </class> <!-- com.qa.tests.LoginTest -->
    </test> <!-- Default test -->
  </suite> <!-- Default suite -->
</testng-results>
